All existing Zoom processes killed.
All existing Zoom processes killed.
Error occurred while trying to open Zoom: Error: Command failed: "C:\Users\prguser\AppData\Roaming\Zoom\bin\Zoom.exe" "--url=zoommtg://zoom.us/join?action=join&confno=89507492879&pwd=NVU5Rnlka3NORzgrOXd1RzAzZ2p2UT09"

All existing Zoom processes killed.
All existing Zoom processes killed.
Error occurred while trying to open Zoom: Error: Command failed: "C:\Users\prguser\AppData\Roaming\Zoom\bin\Zoom.exe" "--url=zoommtg://zoom.us/join?action=join&confno=89507492879&pwd=NVU5Rnlka3NORzgrOXd1RzAzZ2p2UT09"

All existing Zoom processes killed.
All existing Zoom processes killed.
Error occurred while trying to open Zoom: Error: Command failed: "C:\Users\prguser\AppData\Roaming\Zoom\bin\Zoom.exe" "--url=zoommtg://zoom.us/join?action=join&confno=89507492879&pwd=NVU5Rnlka3NORzgrOXd1RzAzZ2p2UT09"

Error occurred while killing existing Zoom processes: Error: Command failed: taskkill /F /IM Zoom.exe
ERROR: The process "Zoom.exe" not found.

Error occurred while killing existing Zoom processes: Error: Command failed: taskkill /F /IM Zoom.exe
ERROR: The process "Zoom.exe" not found.

All existing Zoom processes killed.
All existing Zoom processes killed.
All existing Zoom processes killed.
Failed to open Zoom. Exit code: 1
Zoom.exe launched successfully.
All existing Zoom processes killed.
All existing Zoom processes killed.
Failed to open Zoom. Exit code: 1
All existing Zoom processes killed.
Failed to open Zoom. Exit code: 1
Zoom.exe launched successfully.
All existing Zoom processes killed.
All existing Zoom processes killed.
Zoom.exe launched successfully.
All existing Zoom processes killed.
All existing Zoom processes killed.
Failed to open Zoom. Exit code: 1
Zoom.exe launched successfully.
All existing Zoom processes killed.
All existing Zoom processes killed.
Zoom.exe launched successfully.
All existing Zoom processes killed.
Zoom.exe launched successfully.
